2026-06-23T09:53:17.066Z  [CACHE]  MISS flutter.releases
2026-06-23T09:53:17.066Z  [API  ]  GET https://storage.googleapis.com/flutter_infra_release/releases/releases_linux.json
2026-06-23T09:53:17.396Z  [API  ]  200 OK (330ms)
2026-06-23T09:53:17.523Z  [INFO ]  Scan started — 1 packages
2026-06-23T09:53:17.523Z  [INFO ]  [1/1] saropa_lints
2026-06-23T09:53:17.524Z  [CACHE]  MISS pub.info.saropa_lints
2026-06-23T09:53:17.524Z  [API  ]  GET https://pub.dev/api/packages/saropa_lints
2026-06-23T09:53:17.525Z  [CACHE]  MISS pub.metrics.saropa_lints
2026-06-23T09:53:17.525Z  [API  ]  GET https://pub.dev/api/packages/saropa_lints/metrics
2026-06-23T09:53:17.525Z  [API  ]  GET https://pub.dev/api/packages/saropa_lints/score
2026-06-23T09:53:17.526Z  [CACHE]  HIT  pub.publisher.saropa_lints
2026-06-23T09:53:17.526Z  [CACHE]  MISS pub.reverseDeps.saropa_lints
2026-06-23T09:53:17.526Z  [API  ]  GET https://pub.dev/packages?q=dependency%3Asaropa_lints
2026-06-23T09:53:17.552Z  [API  ]  200 OK (28ms)
2026-06-23T09:53:17.780Z  [API  ]  200 OK (255ms)
2026-06-23T09:53:17.805Z  [API  ]  200 OK (280ms)
2026-06-23T09:53:17.828Z  [API  ]  200 OK (302ms)
2026-06-23T09:53:17.830Z  [CACHE]  MISS gh.saropa.saropa_lints
2026-06-23T09:53:17.830Z  [API  ]  GET https://api.github.com/repos/saropa/saropa_lints
2026-06-23T09:53:17.830Z  [API  ]  GET https://api.github.com/repos/saropa/saropa_lints/issues?state=closed&since=2026-03-25T09:53:17.830Z&per_page=100
2026-06-23T09:53:17.830Z  [API  ]  GET https://api.github.com/repos/saropa/saropa_lints/pulls?state=closed&per_page=100
2026-06-23T09:53:17.830Z  [API  ]  GET https://api.github.com/repos/saropa/saropa_lints/issues?state=open&sort=comments&direction=desc&per_page=50
2026-06-23T09:53:17.830Z  [API  ]  GET https://api.github.com/repos/saropa/saropa_lints/pulls?state=open&per_page=100
2026-06-23T09:53:18.245Z  [API  ]  200 OK (415ms)
2026-06-23T09:53:18.245Z  [API  ]  200 OK (415ms)
2026-06-23T09:53:18.245Z  [API  ]  200 OK (415ms)
2026-06-23T09:53:18.245Z  [API  ]  200 OK (415ms)
2026-06-23T09:53:18.245Z  [API  ]  200 OK (415ms)
2026-06-23T09:53:18.256Z  [CACHE]  MISS pub.archiveSize.saropa_lints
2026-06-23T09:53:18.256Z  [API  ]  HEAD https://pub.dev/api/archives/saropa_lints-14.1.0.tar.gz
2026-06-23T09:53:18.257Z  [CACHE]  MISS pub.tarball.wtmx5b
2026-06-23T09:53:18.257Z  [API  ]  GET https://pub.dev/api/archives/saropa_lints-14.1.0.tar.gz
2026-06-23T09:53:18.389Z  [API  ]  200 OK (133ms)
2026-06-23T09:53:18.416Z  [API  ]  200 OK (159ms)
2026-06-23T09:53:19.766Z  [SCORE]  saropa_lints → 56.9 (stable) [rv=35 eg=68 pop=40.705 pt=-5 pq=8.125]
2026-06-23T09:53:20.064Z  [ERROR]  Blocker analysis skipped — CLI commands failed — pub outdated: Command failed: dart pub outdated --json --transitive
Cannot specify both `--json` and `--transitive`
The json report always includes transitive dependencies.

Usage: dart pub outdated [options]
-h, --help                         Print this usage information.
    --[no-]dependency-overrides    Show resolutions with `dependency_overrides`.
                                   (defaults to on)
    --[no-]dev-dependencies        Take dev dependencies into account.
                                   (defaults to on)
    --json                         Output the results using a json format.
    --[no-]prereleases             Include prereleases in latest version.
    --[no-]show-all                Include dependencies that are already
                                   fulfilling --mode.
    --[no-]transitive              Show transitive dependencies.
                                   (defaults to on)
-C, --directory=<dir>              Run this in the directory <dir>.

Run "dart help" to see global options.
See https://dart.dev/tools/pub/cmd/pub-outdated for detailed documentation.

2026-06-23T09:53:20.171Z  [CACHE]  MISS pub.archiveSize.analysis_server_plugin
2026-06-23T09:53:20.171Z  [API  ]  GET https://pub.dev/api/packages/analysis_server_plugin
2026-06-23T09:53:20.172Z  [CACHE]  MISS pub.archiveSize.analyzer
2026-06-23T09:53:20.172Z  [API  ]  GET https://pub.dev/api/packages/analyzer
2026-06-23T09:53:20.172Z  [CACHE]  MISS pub.archiveSize._fe_analyzer_shared
2026-06-23T09:53:20.172Z  [API  ]  GET https://pub.dev/api/packages/_fe_analyzer_shared
2026-06-23T09:53:20.173Z  [CACHE]  MISS pub.archiveSize.meta
2026-06-23T09:53:20.173Z  [API  ]  GET https://pub.dev/api/packages/meta
2026-06-23T09:53:20.173Z  [CACHE]  MISS pub.archiveSize.source_span
2026-06-23T09:53:20.173Z  [API  ]  GET https://pub.dev/api/packages/source_span
2026-06-23T09:53:20.174Z  [CACHE]  MISS pub.archiveSize.collection
2026-06-23T09:53:20.174Z  [API  ]  GET https://pub.dev/api/packages/collection
2026-06-23T09:53:20.174Z  [CACHE]  MISS pub.archiveSize.path
2026-06-23T09:53:20.174Z  [API  ]  GET https://pub.dev/api/packages/path
2026-06-23T09:53:20.175Z  [CACHE]  MISS pub.archiveSize.term_glyph
2026-06-23T09:53:20.175Z  [API  ]  GET https://pub.dev/api/packages/term_glyph
2026-06-23T09:53:20.175Z  [CACHE]  MISS pub.archiveSize.convert
2026-06-23T09:53:20.175Z  [API  ]  GET https://pub.dev/api/packages/convert
2026-06-23T09:53:20.176Z  [CACHE]  MISS pub.archiveSize.typed_data
2026-06-23T09:53:20.176Z  [API  ]  GET https://pub.dev/api/packages/typed_data
2026-06-23T09:53:20.176Z  [CACHE]  MISS pub.archiveSize.crypto
2026-06-23T09:53:20.176Z  [API  ]  GET https://pub.dev/api/packages/crypto
2026-06-23T09:53:20.177Z  [CACHE]  MISS pub.archiveSize.glob
2026-06-23T09:53:20.177Z  [API  ]  GET https://pub.dev/api/packages/glob
2026-06-23T09:53:20.177Z  [CACHE]  MISS pub.archiveSize.async
2026-06-23T09:53:20.177Z  [API  ]  GET https://pub.dev/api/packages/async
2026-06-23T09:53:20.180Z  [CACHE]  MISS pub.archiveSize.file
2026-06-23T09:53:20.180Z  [API  ]  GET https://pub.dev/api/packages/file
2026-06-23T09:53:20.180Z  [CACHE]  MISS pub.archiveSize.string_scanner
2026-06-23T09:53:20.180Z  [API  ]  GET https://pub.dev/api/packages/string_scanner
2026-06-23T09:53:20.181Z  [CACHE]  MISS pub.archiveSize.package_config
2026-06-23T09:53:20.181Z  [API  ]  GET https://pub.dev/api/packages/package_config
2026-06-23T09:53:20.181Z  [CACHE]  MISS pub.archiveSize.pub_semver
2026-06-23T09:53:20.181Z  [API  ]  GET https://pub.dev/api/packages/pub_semver
2026-06-23T09:53:20.182Z  [CACHE]  MISS pub.archiveSize.watcher
2026-06-23T09:53:20.182Z  [API  ]  GET https://pub.dev/api/packages/watcher
2026-06-23T09:53:20.182Z  [CACHE]  MISS pub.archiveSize.yaml
2026-06-23T09:53:20.182Z  [API  ]  GET https://pub.dev/api/packages/yaml
2026-06-23T09:53:20.182Z  [CACHE]  MISS pub.archiveSize.analyzer_plugin
2026-06-23T09:53:20.182Z  [API  ]  GET https://pub.dev/api/packages/analyzer_plugin
2026-06-23T09:53:20.183Z  [CACHE]  MISS pub.archiveSize.dart_style
2026-06-23T09:53:20.183Z  [API  ]  GET https://pub.dev/api/packages/dart_style
2026-06-23T09:53:20.183Z  [CACHE]  MISS pub.archiveSize.args
2026-06-23T09:53:20.183Z  [API  ]  GET https://pub.dev/api/packages/args
2026-06-23T09:53:20.183Z  [CACHE]  MISS pub.archiveSize.yaml_edit
2026-06-23T09:53:20.183Z  [API  ]  GET https://pub.dev/api/packages/yaml_edit
2026-06-23T09:53:20.322Z  [API  ]  200 OK (150ms)
2026-06-23T09:53:20.323Z  [API  ]  HEAD https://pub.dev/api/archives/_fe_analyzer_shared-104.0.0.tar.gz
2026-06-23T09:53:20.332Z  [API  ]  200 OK (159ms)
2026-06-23T09:53:20.335Z  [API  ]  HEAD https://pub.dev/api/archives/meta-1.18.3.tar.gz
2026-06-23T09:53:20.336Z  [API  ]  200 OK (164ms)
2026-06-23T09:53:20.354Z  [API  ]  200 OK (19ms)
2026-06-23T09:53:20.356Z  [API  ]  HEAD https://pub.dev/api/archives/analyzer-14.0.0.tar.gz
2026-06-23T09:53:20.377Z  [API  ]  200 OK (21ms)
2026-06-23T09:53:20.451Z  [API  ]  200 OK (128ms)
2026-06-23T09:53:20.473Z  [API  ]  200 OK (300ms)
2026-06-23T09:53:20.473Z  [API  ]  HEAD https://pub.dev/api/archives/source_span-1.10.2.tar.gz
2026-06-23T09:53:20.480Z  [API  ]  200 OK (299ms)
2026-06-23T09:53:20.481Z  [API  ]  200 OK (310ms)
2026-06-23T09:53:20.481Z  [API  ]  200 OK (307ms)
2026-06-23T09:53:20.481Z  [API  ]  200 OK (300ms)
2026-06-23T09:53:20.481Z  [API  ]  200 OK (307ms)
2026-06-23T09:53:20.481Z  [API  ]  200 OK (299ms)
2026-06-23T09:53:20.482Z  [API  ]  HEAD https://pub.dev/api/archives/package_config-3.0.0.tar.gz
2026-06-23T09:53:20.483Z  [API  ]  HEAD https://pub.dev/api/archives/analysis_server_plugin-0.3.19.tar.gz
2026-06-23T09:53:20.489Z  [API  ]  HEAD https://pub.dev/api/archives/pub_semver-2.2.0.tar.gz
2026-06-23T09:53:20.496Z  [API  ]  HEAD https://pub.dev/api/archives/collection-1.19.1.tar.gz
2026-06-23T09:53:20.497Z  [API  ]  200 OK (321ms)
2026-06-23T09:53:20.497Z  [API  ]  200 OK (315ms)
2026-06-23T09:53:20.498Z  [API  ]  200 OK (316ms)
2026-06-23T09:53:20.498Z  [API  ]  200 OK (318ms)
2026-06-23T09:53:20.498Z  [API  ]  200 OK (323ms)
2026-06-23T09:53:20.498Z  [API  ]  200 OK (318ms)
2026-06-23T09:53:20.498Z  [API  ]  200 OK (315ms)
2026-06-23T09:53:20.498Z  [API  ]  200 OK (322ms)
2026-06-23T09:53:20.498Z  [API  ]  200 OK (323ms)
2026-06-23T09:53:20.499Z  [API  ]  200 OK (322ms)
2026-06-23T09:53:20.500Z  [API  ]  200 OK (18ms)
2026-06-23T09:53:20.500Z  [API  ]  HEAD https://pub.dev/api/archives/analyzer_plugin-0.14.13.tar.gz
2026-06-23T09:53:20.508Z  [API  ]  HEAD https://pub.dev/api/archives/path-1.9.1.tar.gz
2026-06-23T09:53:20.510Z  [API  ]  HEAD https://pub.dev/api/archives/convert-3.1.2.tar.gz
2026-06-23T09:53:20.511Z  [API  ]  HEAD https://pub.dev/api/archives/yaml_edit-2.2.4.tar.gz
2026-06-23T09:53:20.512Z  [API  ]  HEAD https://pub.dev/api/archives/term_glyph-1.2.2.tar.gz
2026-06-23T09:53:20.513Z  [API  ]  200 OK (330ms)
2026-06-23T09:53:20.514Z  [API  ]  HEAD https://pub.dev/api/archives/typed_data-1.4.0.tar.gz
2026-06-23T09:53:20.515Z  [API  ]  200 OK (332ms)
2026-06-23T09:53:20.516Z  [API  ]  200 OK (20ms)
2026-06-23T09:53:20.516Z  [API  ]  HEAD https://pub.dev/api/archives/string_scanner-1.4.1.tar.gz
2026-06-23T09:53:20.525Z  [API  ]  HEAD https://pub.dev/api/archives/file-7.0.1.tar.gz
2026-06-23T09:53:20.527Z  [API  ]  200 OK (19ms)
2026-06-23T09:53:20.527Z  [API  ]  200 OK (17ms)
2026-06-23T09:53:20.530Z  [API  ]  HEAD https://pub.dev/api/archives/async-2.13.1.tar.gz
2026-06-23T09:53:20.537Z  [API  ]  200 OK (26ms)
2026-06-23T09:53:20.537Z  [API  ]  200 OK (25ms)
2026-06-23T09:53:20.539Z  [API  ]  HEAD https://pub.dev/api/archives/crypto-3.0.7.tar.gz
2026-06-23T09:53:20.546Z  [API  ]  HEAD https://pub.dev/api/archives/watcher-1.2.1.tar.gz
2026-06-23T09:53:20.553Z  [API  ]  200 OK (39ms)
2026-06-23T09:53:20.553Z  [API  ]  200 OK (376ms)
2026-06-23T09:53:20.556Z  [API  ]  200 OK (31ms)
2026-06-23T09:53:20.557Z  [API  ]  200 OK (84ms)
2026-06-23T09:53:20.558Z  [API  ]  HEAD https://pub.dev/api/archives/yaml-3.1.3.tar.gz
2026-06-23T09:53:20.567Z  [API  ]  HEAD https://pub.dev/api/archives/glob-2.1.3.tar.gz
2026-06-23T09:53:20.578Z  [API  ]  200 OK (89ms)
2026-06-23T09:53:20.578Z  [API  ]  HEAD https://pub.dev/api/archives/dart_style-3.1.9.tar.gz
2026-06-23T09:53:20.586Z  [API  ]  HEAD https://pub.dev/api/archives/args-2.7.0.tar.gz
2026-06-23T09:53:20.610Z  [API  ]  200 OK (94ms)
2026-06-23T09:53:20.622Z  [API  ]  200 OK (83ms)
2026-06-23T09:53:20.625Z  [API  ]  200 OK (79ms)
2026-06-23T09:53:20.625Z  [API  ]  200 OK (95ms)
2026-06-23T09:53:20.639Z  [API  ]  200 OK (81ms)
2026-06-23T09:53:20.640Z  [API  ]  200 OK (73ms)
2026-06-23T09:53:20.652Z  [API  ]  200 OK (66ms)
2026-06-23T09:53:20.688Z  [API  ]  200 OK (205ms)
2026-06-23T09:53:20.695Z  [API  ]  200 OK (195ms)
2026-06-23T09:53:20.769Z  [API  ]  200 OK (191ms)
2026-06-23T09:53:20.781Z  [INFO ]  Dep graph: 1 direct, 23 transitive, 0 overrides
2026-06-23T09:53:20.781Z  [CACHE]  MISS osv.vulns.saropa_lints.13.12.2
2026-06-23T09:53:20.781Z  [API  ]  POST https://api.osv.dev/v1/querybatch
2026-06-23T09:53:20.782Z  [CACHE]  MISS ghsa.vulns.saropa_lints.13.12.2
2026-06-23T09:53:20.782Z  [API  ]  GET https://api.github.com/advisories?ecosystem=pub&package=saropa_lints&affects=13.12.2&per_page=100
2026-06-23T09:53:20.947Z  [API  ]  200 OK (165ms)
2026-06-23T09:53:21.139Z  [API  ]  200 OK (358ms)
2026-06-23T09:53:21.284Z  [INFO ]  Scan complete — 4218ms — vibrant:0 stable:1 outdated:0 abandoned:0 eol:0
