2026-06-25T18:47:40.733Z  [CACHE]  MISS flutter.releases
2026-06-25T18:47:40.733Z  [API  ]  GET https://storage.googleapis.com/flutter_infra_release/releases/releases_linux.json
2026-06-25T18:47:41.006Z  [API  ]  200 OK (273ms)
2026-06-25T18:47:41.070Z  [INFO ]  Scan started — 1 packages
2026-06-25T18:47:41.070Z  [INFO ]  [1/1] saropa_lints
2026-06-25T18:47:41.070Z  [CACHE]  HIT  pub.info.saropa_lints
2026-06-25T18:47:41.070Z  [CACHE]  MISS pub.metrics.saropa_lints
2026-06-25T18:47:41.070Z  [API  ]  GET https://pub.dev/api/packages/saropa_lints/metrics
2026-06-25T18:47:41.071Z  [API  ]  GET https://pub.dev/api/packages/saropa_lints/score
2026-06-25T18:47:41.071Z  [CACHE]  HIT  pub.publisher.saropa_lints
2026-06-25T18:47:41.071Z  [CACHE]  MISS pub.reverseDeps.saropa_lints
2026-06-25T18:47:41.071Z  [API  ]  GET https://pub.dev/packages?q=dependency%3Asaropa_lints
2026-06-25T18:47:41.318Z  [API  ]  200 OK (247ms)
2026-06-25T18:47:41.348Z  [API  ]  200 OK (277ms)
2026-06-25T18:47:41.382Z  [API  ]  200 OK (312ms)
2026-06-25T18:47:41.392Z  [CACHE]  MISS gh.saropa.saropa_lints
2026-06-25T18:47:41.392Z  [API  ]  GET https://api.github.com/repos/saropa/saropa_lints
2026-06-25T18:47:41.392Z  [API  ]  GET https://api.github.com/repos/saropa/saropa_lints/issues?state=closed&since=2026-03-27T18:47:41.392Z&per_page=100
2026-06-25T18:47:41.392Z  [API  ]  GET https://api.github.com/repos/saropa/saropa_lints/pulls?state=closed&per_page=100
2026-06-25T18:47:41.392Z  [API  ]  GET https://api.github.com/repos/saropa/saropa_lints/issues?state=open&sort=comments&direction=desc&per_page=50
2026-06-25T18:47:41.392Z  [API  ]  GET https://api.github.com/repos/saropa/saropa_lints/pulls?state=open&per_page=100
2026-06-25T18:47:41.815Z  [API  ]  200 OK (423ms)
2026-06-25T18:47:41.815Z  [API  ]  200 OK (423ms)
2026-06-25T18:47:41.815Z  [API  ]  200 OK (423ms)
2026-06-25T18:47:41.815Z  [API  ]  200 OK (423ms)
2026-06-25T18:47:41.815Z  [API  ]  200 OK (423ms)
2026-06-25T18:47:41.826Z  [CACHE]  MISS pub.archiveSize.saropa_lints
2026-06-25T18:47:41.826Z  [API  ]  HEAD https://pub.dev/api/archives/saropa_lints-14.2.1.tar.gz
2026-06-25T18:47:41.827Z  [CACHE]  MISS pub.tarball.790evl
2026-06-25T18:47:41.827Z  [API  ]  GET https://pub.dev/api/archives/saropa_lints-14.2.1.tar.gz
2026-06-25T18:47:41.962Z  [API  ]  200 OK (136ms)
2026-06-25T18:47:41.979Z  [API  ]  200 OK (152ms)
2026-06-25T18:47:42.848Z  [SCORE]  saropa_lints → 56.3 (stable) [rv=34 eg=67.86301369863014 pop=40.705 pt=-5 pq=8.125]
2026-06-25T18:47:43.122Z  [ERROR]  Blocker analysis skipped — CLI commands failed — pub outdated: Command failed: dart pub outdated --json --transitive
Cannot specify both `--json` and `--transitive`
The json report always includes transitive dependencies.

Usage: dart pub outdated [options]
-h, --help                         Print this usage information.
    --[no-]dependency-overrides    Show resolutions with `dependency_overrides`.
                                   (defaults to on)
    --[no-]dev-dependencies        Take dev dependencies into account.
                                   (defaults to on)
    --json                         Output the results using a json format.
    --[no-]prereleases             Include prereleases in latest version.
    --[no-]show-all                Include dependencies that are already
                                   fulfilling --mode.
    --[no-]transitive              Show transitive dependencies.
                                   (defaults to on)
-C, --directory=<dir>              Run this in the directory <dir>.

Run "dart help" to see global options.
See https://dart.dev/tools/pub/cmd/pub-outdated for detailed documentation.

2026-06-25T18:47:43.234Z  [CACHE]  MISS pub.archiveSize.analysis_server_plugin
2026-06-25T18:47:43.234Z  [API  ]  GET https://pub.dev/api/packages/analysis_server_plugin
2026-06-25T18:47:43.235Z  [CACHE]  MISS pub.archiveSize.analyzer
2026-06-25T18:47:43.235Z  [API  ]  GET https://pub.dev/api/packages/analyzer
2026-06-25T18:47:43.235Z  [CACHE]  MISS pub.archiveSize._fe_analyzer_shared
2026-06-25T18:47:43.235Z  [API  ]  GET https://pub.dev/api/packages/_fe_analyzer_shared
2026-06-25T18:47:43.236Z  [CACHE]  MISS pub.archiveSize.meta
2026-06-25T18:47:43.236Z  [API  ]  GET https://pub.dev/api/packages/meta
2026-06-25T18:47:43.236Z  [CACHE]  MISS pub.archiveSize.source_span
2026-06-25T18:47:43.236Z  [API  ]  GET https://pub.dev/api/packages/source_span
2026-06-25T18:47:43.237Z  [CACHE]  MISS pub.archiveSize.collection
2026-06-25T18:47:43.237Z  [API  ]  GET https://pub.dev/api/packages/collection
2026-06-25T18:47:43.237Z  [CACHE]  MISS pub.archiveSize.path
2026-06-25T18:47:43.237Z  [API  ]  GET https://pub.dev/api/packages/path
2026-06-25T18:47:43.238Z  [CACHE]  MISS pub.archiveSize.term_glyph
2026-06-25T18:47:43.238Z  [API  ]  GET https://pub.dev/api/packages/term_glyph
2026-06-25T18:47:43.238Z  [CACHE]  MISS pub.archiveSize.convert
2026-06-25T18:47:43.238Z  [API  ]  GET https://pub.dev/api/packages/convert
2026-06-25T18:47:43.238Z  [CACHE]  MISS pub.archiveSize.typed_data
2026-06-25T18:47:43.238Z  [API  ]  GET https://pub.dev/api/packages/typed_data
2026-06-25T18:47:43.239Z  [CACHE]  MISS pub.archiveSize.crypto
2026-06-25T18:47:43.239Z  [API  ]  GET https://pub.dev/api/packages/crypto
2026-06-25T18:47:43.239Z  [CACHE]  MISS pub.archiveSize.glob
2026-06-25T18:47:43.239Z  [API  ]  GET https://pub.dev/api/packages/glob
2026-06-25T18:47:43.239Z  [CACHE]  MISS pub.archiveSize.async
2026-06-25T18:47:43.239Z  [API  ]  GET https://pub.dev/api/packages/async
2026-06-25T18:47:43.240Z  [CACHE]  MISS pub.archiveSize.file
2026-06-25T18:47:43.240Z  [API  ]  GET https://pub.dev/api/packages/file
2026-06-25T18:47:43.240Z  [CACHE]  MISS pub.archiveSize.string_scanner
2026-06-25T18:47:43.240Z  [API  ]  GET https://pub.dev/api/packages/string_scanner
2026-06-25T18:47:43.240Z  [CACHE]  MISS pub.archiveSize.package_config
2026-06-25T18:47:43.240Z  [API  ]  GET https://pub.dev/api/packages/package_config
2026-06-25T18:47:43.242Z  [CACHE]  MISS pub.archiveSize.pub_semver
2026-06-25T18:47:43.242Z  [API  ]  GET https://pub.dev/api/packages/pub_semver
2026-06-25T18:47:43.243Z  [CACHE]  MISS pub.archiveSize.watcher
2026-06-25T18:47:43.243Z  [API  ]  GET https://pub.dev/api/packages/watcher
2026-06-25T18:47:43.243Z  [CACHE]  MISS pub.archiveSize.yaml
2026-06-25T18:47:43.243Z  [API  ]  GET https://pub.dev/api/packages/yaml
2026-06-25T18:47:43.243Z  [CACHE]  MISS pub.archiveSize.analyzer_plugin
2026-06-25T18:47:43.243Z  [API  ]  GET https://pub.dev/api/packages/analyzer_plugin
2026-06-25T18:47:43.244Z  [CACHE]  MISS pub.archiveSize.dart_style
2026-06-25T18:47:43.244Z  [API  ]  GET https://pub.dev/api/packages/dart_style
2026-06-25T18:47:43.244Z  [CACHE]  MISS pub.archiveSize.args
2026-06-25T18:47:43.244Z  [API  ]  GET https://pub.dev/api/packages/args
2026-06-25T18:47:43.245Z  [CACHE]  MISS pub.archiveSize.yaml_edit
2026-06-25T18:47:43.245Z  [API  ]  GET https://pub.dev/api/packages/yaml_edit
2026-06-25T18:47:43.383Z  [API  ]  200 OK (148ms)
2026-06-25T18:47:43.386Z  [API  ]  HEAD https://pub.dev/api/archives/_fe_analyzer_shared-104.0.0.tar.gz
2026-06-25T18:47:43.405Z  [API  ]  200 OK (170ms)
2026-06-25T18:47:43.419Z  [API  ]  HEAD https://pub.dev/api/archives/analyzer-14.0.0.tar.gz
2026-06-25T18:47:43.519Z  [API  ]  200 OK (133ms)
2026-06-25T18:47:43.544Z  [API  ]  200 OK (304ms)
2026-06-25T18:47:43.545Z  [API  ]  HEAD https://pub.dev/api/archives/string_scanner-1.4.1.tar.gz
2026-06-25T18:47:43.552Z  [API  ]  200 OK (133ms)
2026-06-25T18:47:43.552Z  [API  ]  200 OK (313ms)
2026-06-25T18:47:43.552Z  [API  ]  200 OK (315ms)
2026-06-25T18:47:43.552Z  [API  ]  200 OK (316ms)
2026-06-25T18:47:43.552Z  [API  ]  200 OK (314ms)
2026-06-25T18:47:43.552Z  [API  ]  200 OK (314ms)
2026-06-25T18:47:43.553Z  [API  ]  200 OK (316ms)
2026-06-25T18:47:43.553Z  [API  ]  200 OK (310ms)
2026-06-25T18:47:43.553Z  [API  ]  200 OK (314ms)
2026-06-25T18:47:43.555Z  [API  ]  HEAD https://pub.dev/api/archives/term_glyph-1.2.2.tar.gz
2026-06-25T18:47:43.563Z  [API  ]  HEAD https://pub.dev/api/archives/typed_data-1.4.0.tar.gz
2026-06-25T18:47:43.564Z  [API  ]  200 OK (320ms)
2026-06-25T18:47:43.564Z  [API  ]  200 OK (328ms)
2026-06-25T18:47:43.565Z  [API  ]  200 OK (320ms)
2026-06-25T18:47:43.565Z  [API  ]  200 OK (325ms)
2026-06-25T18:47:43.565Z  [API  ]  200 OK (322ms)
2026-06-25T18:47:43.565Z  [API  ]  200 OK (323ms)
2026-06-25T18:47:43.565Z  [API  ]  HEAD https://pub.dev/api/archives/collection-1.19.1.tar.gz
2026-06-25T18:47:43.567Z  [API  ]  HEAD https://pub.dev/api/archives/yaml_edit-2.2.4.tar.gz
2026-06-25T18:47:43.567Z  [API  ]  HEAD https://pub.dev/api/archives/async-2.13.1.tar.gz
2026-06-25T18:47:43.569Z  [API  ]  HEAD https://pub.dev/api/archives/crypto-3.0.7.tar.gz
2026-06-25T18:47:43.570Z  [API  ]  HEAD https://pub.dev/api/archives/path-1.9.1.tar.gz
2026-06-25T18:47:43.570Z  [API  ]  HEAD https://pub.dev/api/archives/package_config-3.0.0.tar.gz
2026-06-25T18:47:43.571Z  [API  ]  HEAD https://pub.dev/api/archives/source_span-1.10.2.tar.gz
2026-06-25T18:47:43.571Z  [API  ]  HEAD https://pub.dev/api/archives/pub_semver-2.2.0.tar.gz
2026-06-25T18:47:43.572Z  [API  ]  HEAD https://pub.dev/api/archives/yaml-3.1.3.tar.gz
2026-06-25T18:47:43.573Z  [API  ]  HEAD https://pub.dev/api/archives/meta-1.18.3.tar.gz
2026-06-25T18:47:43.574Z  [API  ]  HEAD https://pub.dev/api/archives/watcher-1.2.1.tar.gz
2026-06-25T18:47:43.574Z  [API  ]  HEAD https://pub.dev/api/archives/args-2.7.0.tar.gz
2026-06-25T18:47:43.576Z  [API  ]  200 OK (332ms)
2026-06-25T18:47:43.578Z  [API  ]  HEAD https://pub.dev/api/archives/dart_style-3.1.9.tar.gz
2026-06-25T18:47:43.583Z  [API  ]  200 OK (340ms)
2026-06-25T18:47:43.583Z  [API  ]  HEAD https://pub.dev/api/archives/analyzer_plugin-0.14.13.tar.gz
2026-06-25T18:47:43.584Z  [API  ]  200 OK (21ms)
2026-06-25T18:47:43.585Z  [API  ]  200 OK (20ms)
2026-06-25T18:47:43.586Z  [API  ]  200 OK (19ms)
2026-06-25T18:47:43.586Z  [API  ]  200 OK (19ms)
2026-06-25T18:47:43.587Z  [API  ]  200 OK (349ms)
2026-06-25T18:47:43.590Z  [API  ]  200 OK (21ms)
2026-06-25T18:47:43.591Z  [API  ]  200 OK (20ms)
2026-06-25T18:47:43.591Z  [API  ]  200 OK (20ms)
2026-06-25T18:47:43.593Z  [API  ]  HEAD https://pub.dev/api/archives/convert-3.1.2.tar.gz
2026-06-25T18:47:43.603Z  [API  ]  200 OK (30ms)
2026-06-25T18:47:43.603Z  [API  ]  200 OK (29ms)
2026-06-25T18:47:43.604Z  [API  ]  200 OK (365ms)
2026-06-25T18:47:43.604Z  [API  ]  200 OK (30ms)
2026-06-25T18:47:43.605Z  [API  ]  HEAD https://pub.dev/api/archives/glob-2.1.3.tar.gz
2026-06-25T18:47:43.613Z  [API  ]  200 OK (43ms)
2026-06-25T18:47:43.622Z  [API  ]  200 OK (77ms)
2026-06-25T18:47:43.636Z  [API  ]  200 OK (81ms)
2026-06-25T18:47:43.669Z  [API  ]  200 OK (76ms)
2026-06-25T18:47:43.698Z  [API  ]  200 OK (128ms)
2026-06-25T18:47:43.707Z  [API  ]  200 OK (135ms)
2026-06-25T18:47:43.714Z  [API  ]  200 OK (131ms)
2026-06-25T18:47:43.715Z  [API  ]  200 OK (137ms)
2026-06-25T18:47:43.794Z  [API  ]  200 OK (189ms)
2026-06-25T18:47:43.854Z  [API  ]  200 OK (614ms)
2026-06-25T18:47:43.855Z  [API  ]  HEAD https://pub.dev/api/archives/file-7.0.1.tar.gz
2026-06-25T18:47:43.890Z  [API  ]  200 OK (656ms)
2026-06-25T18:47:43.891Z  [API  ]  HEAD https://pub.dev/api/archives/analysis_server_plugin-0.3.19.tar.gz
2026-06-25T18:47:43.931Z  [API  ]  200 OK (76ms)
2026-06-25T18:47:44.021Z  [API  ]  200 OK (130ms)
2026-06-25T18:47:44.026Z  [INFO ]  Dep graph: 1 direct, 23 transitive, 0 overrides
2026-06-25T18:47:44.027Z  [CACHE]  MISS osv.vulns.saropa_lints.13.12.2
2026-06-25T18:47:44.027Z  [API  ]  POST https://api.osv.dev/v1/querybatch
2026-06-25T18:47:44.027Z  [CACHE]  MISS ghsa.vulns.saropa_lints.13.12.2
2026-06-25T18:47:44.028Z  [API  ]  GET https://api.github.com/advisories?ecosystem=pub&package=saropa_lints&affects=13.12.2&per_page=100
2026-06-25T18:47:44.203Z  [API  ]  200 OK (175ms)
2026-06-25T18:47:44.383Z  [API  ]  200 OK (356ms)
2026-06-25T18:47:44.534Z  [INFO ]  Scan complete — 3801ms — vibrant:0 stable:1 outdated:0 abandoned:0 eol:0
