2026-06-24T11:40:27.158Z  [CACHE]  MISS flutter.releases
2026-06-24T11:40:27.158Z  [API  ]  GET https://storage.googleapis.com/flutter_infra_release/releases/releases_linux.json
2026-06-24T11:40:27.411Z  [API  ]  200 OK (253ms)
2026-06-24T11:40:27.484Z  [INFO ]  Scan started — 1 packages
2026-06-24T11:40:27.484Z  [INFO ]  [1/1] saropa_lints
2026-06-24T11:40:27.484Z  [CACHE]  MISS pub.info.saropa_lints
2026-06-24T11:40:27.484Z  [API  ]  GET https://pub.dev/api/packages/saropa_lints
2026-06-24T11:40:27.485Z  [CACHE]  MISS pub.metrics.saropa_lints
2026-06-24T11:40:27.485Z  [API  ]  GET https://pub.dev/api/packages/saropa_lints/metrics
2026-06-24T11:40:27.486Z  [API  ]  GET https://pub.dev/api/packages/saropa_lints/score
2026-06-24T11:40:27.486Z  [CACHE]  HIT  pub.publisher.saropa_lints
2026-06-24T11:40:27.486Z  [CACHE]  MISS pub.reverseDeps.saropa_lints
2026-06-24T11:40:27.486Z  [API  ]  GET https://pub.dev/packages?q=dependency%3Asaropa_lints
2026-06-24T11:40:27.508Z  [API  ]  200 OK (24ms)
2026-06-24T11:40:27.728Z  [API  ]  200 OK (243ms)
2026-06-24T11:40:27.745Z  [API  ]  200 OK (259ms)
2026-06-24T11:40:27.765Z  [API  ]  200 OK (279ms)
2026-06-24T11:40:27.766Z  [CACHE]  MISS gh.saropa.saropa_lints
2026-06-24T11:40:27.766Z  [API  ]  GET https://api.github.com/repos/saropa/saropa_lints
2026-06-24T11:40:27.766Z  [API  ]  GET https://api.github.com/repos/saropa/saropa_lints/issues?state=closed&since=2026-03-26T11:40:27.766Z&per_page=100
2026-06-24T11:40:27.766Z  [API  ]  GET https://api.github.com/repos/saropa/saropa_lints/pulls?state=closed&per_page=100
2026-06-24T11:40:27.766Z  [API  ]  GET https://api.github.com/repos/saropa/saropa_lints/issues?state=open&sort=comments&direction=desc&per_page=50
2026-06-24T11:40:27.766Z  [API  ]  GET https://api.github.com/repos/saropa/saropa_lints/pulls?state=open&per_page=100
2026-06-24T11:40:28.173Z  [API  ]  200 OK (407ms)
2026-06-24T11:40:28.173Z  [API  ]  200 OK (407ms)
2026-06-24T11:40:28.173Z  [API  ]  200 OK (407ms)
2026-06-24T11:40:28.173Z  [API  ]  200 OK (407ms)
2026-06-24T11:40:28.173Z  [API  ]  200 OK (407ms)
2026-06-24T11:40:28.209Z  [CACHE]  MISS pub.archiveSize.saropa_lints
2026-06-24T11:40:28.209Z  [API  ]  HEAD https://pub.dev/api/archives/saropa_lints-14.2.0.tar.gz
2026-06-24T11:40:28.209Z  [CACHE]  MISS pub.tarball.yyh61c
2026-06-24T11:40:28.209Z  [API  ]  GET https://pub.dev/api/archives/saropa_lints-14.2.0.tar.gz
2026-06-24T11:40:28.346Z  [API  ]  200 OK (137ms)
2026-06-24T11:40:28.411Z  [API  ]  200 OK (202ms)
2026-06-24T11:40:29.709Z  [SCORE]  saropa_lints → 56.6 (stable) [rv=34.5 eg=68 pop=40.705 pt=-5 pq=8.125]
2026-06-24T11:40:30.380Z  [ERROR]  Blocker analysis skipped — CLI commands failed — pub outdated: Command failed: dart pub outdated --json --transitive
Cannot specify both `--json` and `--transitive`
The json report always includes transitive dependencies.

Usage: dart pub outdated [options]
-h, --help                         Print this usage information.
    --[no-]dependency-overrides    Show resolutions with `dependency_overrides`.
                                   (defaults to on)
    --[no-]dev-dependencies        Take dev dependencies into account.
                                   (defaults to on)
    --json                         Output the results using a json format.
    --[no-]prereleases             Include prereleases in latest version.
    --[no-]show-all                Include dependencies that are already
                                   fulfilling --mode.
    --[no-]transitive              Show transitive dependencies.
                                   (defaults to on)
-C, --directory=<dir>              Run this in the directory <dir>.

Run "dart help" to see global options.
See https://dart.dev/tools/pub/cmd/pub-outdated for detailed documentation.

2026-06-24T11:40:30.661Z  [CACHE]  MISS pub.archiveSize.analysis_server_plugin
2026-06-24T11:40:30.661Z  [API  ]  GET https://pub.dev/api/packages/analysis_server_plugin
2026-06-24T11:40:30.661Z  [CACHE]  MISS pub.archiveSize.analyzer
2026-06-24T11:40:30.662Z  [API  ]  GET https://pub.dev/api/packages/analyzer
2026-06-24T11:40:30.662Z  [CACHE]  MISS pub.archiveSize._fe_analyzer_shared
2026-06-24T11:40:30.662Z  [API  ]  GET https://pub.dev/api/packages/_fe_analyzer_shared
2026-06-24T11:40:30.662Z  [CACHE]  MISS pub.archiveSize.meta
2026-06-24T11:40:30.662Z  [API  ]  GET https://pub.dev/api/packages/meta
2026-06-24T11:40:30.663Z  [CACHE]  MISS pub.archiveSize.source_span
2026-06-24T11:40:30.663Z  [API  ]  GET https://pub.dev/api/packages/source_span
2026-06-24T11:40:30.663Z  [CACHE]  MISS pub.archiveSize.collection
2026-06-24T11:40:30.663Z  [API  ]  GET https://pub.dev/api/packages/collection
2026-06-24T11:40:30.663Z  [CACHE]  MISS pub.archiveSize.path
2026-06-24T11:40:30.663Z  [API  ]  GET https://pub.dev/api/packages/path
2026-06-24T11:40:30.664Z  [CACHE]  MISS pub.archiveSize.term_glyph
2026-06-24T11:40:30.664Z  [API  ]  GET https://pub.dev/api/packages/term_glyph
2026-06-24T11:40:30.664Z  [CACHE]  MISS pub.archiveSize.convert
2026-06-24T11:40:30.664Z  [API  ]  GET https://pub.dev/api/packages/convert
2026-06-24T11:40:30.665Z  [CACHE]  MISS pub.archiveSize.typed_data
2026-06-24T11:40:30.665Z  [API  ]  GET https://pub.dev/api/packages/typed_data
2026-06-24T11:40:30.665Z  [CACHE]  MISS pub.archiveSize.crypto
2026-06-24T11:40:30.665Z  [API  ]  GET https://pub.dev/api/packages/crypto
2026-06-24T11:40:30.665Z  [CACHE]  MISS pub.archiveSize.glob
2026-06-24T11:40:30.665Z  [API  ]  GET https://pub.dev/api/packages/glob
2026-06-24T11:40:30.666Z  [CACHE]  MISS pub.archiveSize.async
2026-06-24T11:40:30.666Z  [API  ]  GET https://pub.dev/api/packages/async
2026-06-24T11:40:30.666Z  [CACHE]  MISS pub.archiveSize.file
2026-06-24T11:40:30.666Z  [API  ]  GET https://pub.dev/api/packages/file
2026-06-24T11:40:30.666Z  [CACHE]  MISS pub.archiveSize.string_scanner
2026-06-24T11:40:30.666Z  [API  ]  GET https://pub.dev/api/packages/string_scanner
2026-06-24T11:40:30.667Z  [CACHE]  MISS pub.archiveSize.package_config
2026-06-24T11:40:30.667Z  [API  ]  GET https://pub.dev/api/packages/package_config
2026-06-24T11:40:30.667Z  [CACHE]  MISS pub.archiveSize.pub_semver
2026-06-24T11:40:30.667Z  [API  ]  GET https://pub.dev/api/packages/pub_semver
2026-06-24T11:40:30.667Z  [CACHE]  MISS pub.archiveSize.watcher
2026-06-24T11:40:30.667Z  [API  ]  GET https://pub.dev/api/packages/watcher
2026-06-24T11:40:30.668Z  [CACHE]  MISS pub.archiveSize.yaml
2026-06-24T11:40:30.668Z  [API  ]  GET https://pub.dev/api/packages/yaml
2026-06-24T11:40:30.668Z  [CACHE]  MISS pub.archiveSize.analyzer_plugin
2026-06-24T11:40:30.668Z  [API  ]  GET https://pub.dev/api/packages/analyzer_plugin
2026-06-24T11:40:30.669Z  [CACHE]  MISS pub.archiveSize.dart_style
2026-06-24T11:40:30.669Z  [API  ]  GET https://pub.dev/api/packages/dart_style
2026-06-24T11:40:30.669Z  [CACHE]  MISS pub.archiveSize.args
2026-06-24T11:40:30.669Z  [API  ]  GET https://pub.dev/api/packages/args
2026-06-24T11:40:30.669Z  [CACHE]  MISS pub.archiveSize.yaml_edit
2026-06-24T11:40:30.669Z  [API  ]  GET https://pub.dev/api/packages/yaml_edit
2026-06-24T11:40:30.813Z  [API  ]  200 OK (151ms)
2026-06-24T11:40:30.818Z  [API  ]  200 OK (156ms)
2026-06-24T11:40:30.819Z  [API  ]  200 OK (157ms)
2026-06-24T11:40:30.820Z  [API  ]  HEAD https://pub.dev/api/archives/analyzer-14.0.0.tar.gz
2026-06-24T11:40:30.822Z  [API  ]  HEAD https://pub.dev/api/archives/meta-1.18.3.tar.gz
2026-06-24T11:40:30.822Z  [API  ]  HEAD https://pub.dev/api/archives/_fe_analyzer_shared-104.0.0.tar.gz
2026-06-24T11:40:30.841Z  [API  ]  200 OK (19ms)
2026-06-24T11:40:30.951Z  [API  ]  200 OK (131ms)
2026-06-24T11:40:30.952Z  [API  ]  200 OK (130ms)
2026-06-24T11:40:30.962Z  [API  ]  200 OK (296ms)
2026-06-24T11:40:30.964Z  [API  ]  200 OK (299ms)
2026-06-24T11:40:30.964Z  [API  ]  200 OK (300ms)
2026-06-24T11:40:30.970Z  [API  ]  200 OK (306ms)
2026-06-24T11:40:30.970Z  [API  ]  200 OK (303ms)
2026-06-24T11:40:30.971Z  [API  ]  200 OK (308ms)
2026-06-24T11:40:30.971Z  [API  ]  200 OK (302ms)
2026-06-24T11:40:30.971Z  [API  ]  200 OK (310ms)
2026-06-24T11:40:30.972Z  [API  ]  200 OK (309ms)
2026-06-24T11:40:30.972Z  [API  ]  200 OK (305ms)
2026-06-24T11:40:30.973Z  [API  ]  200 OK (305ms)
2026-06-24T11:40:30.973Z  [API  ]  200 OK (307ms)
2026-06-24T11:40:30.974Z  [API  ]  HEAD https://pub.dev/api/archives/glob-2.1.3.tar.gz
2026-06-24T11:40:30.974Z  [API  ]  HEAD https://pub.dev/api/archives/convert-3.1.2.tar.gz
2026-06-24T11:40:30.983Z  [API  ]  HEAD https://pub.dev/api/archives/file-7.0.1.tar.gz
2026-06-24T11:40:30.990Z  [API  ]  HEAD https://pub.dev/api/archives/term_glyph-1.2.2.tar.gz
2026-06-24T11:40:30.997Z  [API  ]  200 OK (329ms)
2026-06-24T11:40:30.997Z  [API  ]  200 OK (334ms)
2026-06-24T11:40:30.997Z  [API  ]  200 OK (328ms)
2026-06-24T11:40:30.998Z  [API  ]  200 OK (331ms)
2026-06-24T11:40:30.998Z  [API  ]  200 OK (333ms)
2026-06-24T11:40:30.998Z  [API  ]  200 OK (333ms)
2026-06-24T11:40:30.998Z  [API  ]  200 OK (332ms)
2026-06-24T11:40:30.999Z  [API  ]  200 OK (25ms)
2026-06-24T11:40:31.000Z  [API  ]  HEAD https://pub.dev/api/archives/analysis_server_plugin-0.3.19.tar.gz
2026-06-24T11:40:31.008Z  [API  ]  HEAD https://pub.dev/api/archives/source_span-1.10.2.tar.gz
2026-06-24T11:40:31.009Z  [API  ]  HEAD https://pub.dev/api/archives/collection-1.19.1.tar.gz
2026-06-24T11:40:31.009Z  [API  ]  HEAD https://pub.dev/api/archives/pub_semver-2.2.0.tar.gz
2026-06-24T11:40:31.010Z  [API  ]  HEAD https://pub.dev/api/archives/string_scanner-1.4.1.tar.gz
2026-06-24T11:40:31.011Z  [API  ]  HEAD https://pub.dev/api/archives/typed_data-1.4.0.tar.gz
2026-06-24T11:40:31.013Z  [API  ]  HEAD https://pub.dev/api/archives/package_config-3.0.0.tar.gz
2026-06-24T11:40:31.013Z  [API  ]  HEAD https://pub.dev/api/archives/watcher-1.2.1.tar.gz
2026-06-24T11:40:31.014Z  [API  ]  HEAD https://pub.dev/api/archives/analyzer_plugin-0.14.13.tar.gz
2026-06-24T11:40:31.015Z  [API  ]  HEAD https://pub.dev/api/archives/async-2.13.1.tar.gz
2026-06-24T11:40:31.016Z  [API  ]  HEAD https://pub.dev/api/archives/crypto-3.0.7.tar.gz
2026-06-24T11:40:31.017Z  [API  ]  HEAD https://pub.dev/api/archives/path-1.9.1.tar.gz
2026-06-24T11:40:31.017Z  [API  ]  HEAD https://pub.dev/api/archives/yaml-3.1.3.tar.gz
2026-06-24T11:40:31.018Z  [API  ]  HEAD https://pub.dev/api/archives/dart_style-3.1.9.tar.gz
2026-06-24T11:40:31.019Z  [API  ]  HEAD https://pub.dev/api/archives/args-2.7.0.tar.gz
2026-06-24T11:40:31.034Z  [API  ]  200 OK (24ms)
2026-06-24T11:40:31.034Z  [API  ]  200 OK (25ms)
2026-06-24T11:40:31.035Z  [API  ]  200 OK (26ms)
2026-06-24T11:40:31.036Z  [API  ]  200 OK (25ms)
2026-06-24T11:40:31.036Z  [API  ]  200 OK (28ms)
2026-06-24T11:40:31.038Z  [API  ]  200 OK (25ms)
2026-06-24T11:40:31.039Z  [API  ]  200 OK (22ms)
2026-06-24T11:40:31.040Z  [API  ]  200 OK (24ms)
2026-06-24T11:40:31.041Z  [API  ]  200 OK (22ms)
2026-06-24T11:40:31.041Z  [API  ]  200 OK (24ms)
2026-06-24T11:40:31.043Z  [API  ]  200 OK (28ms)
2026-06-24T11:40:31.080Z  [API  ]  200 OK (97ms)
2026-06-24T11:40:31.084Z  [API  ]  200 OK (110ms)
2026-06-24T11:40:31.087Z  [API  ]  200 OK (97ms)
2026-06-24T11:40:31.154Z  [API  ]  200 OK (141ms)
2026-06-24T11:40:31.154Z  [API  ]  200 OK (140ms)
2026-06-24T11:40:31.155Z  [API  ]  200 OK (137ms)
2026-06-24T11:40:31.271Z  [API  ]  200 OK (602ms)
2026-06-24T11:40:31.272Z  [API  ]  HEAD https://pub.dev/api/archives/yaml_edit-2.2.4.tar.gz
2026-06-24T11:40:31.344Z  [API  ]  200 OK (72ms)
2026-06-24T11:40:31.512Z  [API  ]  200 OK (512ms)
2026-06-24T11:40:31.521Z  [INFO ]  Dep graph: 1 direct, 23 transitive, 0 overrides
2026-06-24T11:40:31.522Z  [CACHE]  MISS osv.vulns.saropa_lints.13.12.2
2026-06-24T11:40:31.522Z  [API  ]  POST https://api.osv.dev/v1/querybatch
2026-06-24T11:40:31.523Z  [CACHE]  MISS ghsa.vulns.saropa_lints.13.12.2
2026-06-24T11:40:31.524Z  [API  ]  GET https://api.github.com/advisories?ecosystem=pub&package=saropa_lints&affects=13.12.2&per_page=100
2026-06-24T11:40:31.704Z  [API  ]  200 OK (180ms)
2026-06-24T11:40:31.863Z  [API  ]  200 OK (341ms)
2026-06-24T11:40:32.054Z  [INFO ]  Scan complete — 4897ms — vibrant:0 stable:1 outdated:0 abandoned:0 eol:0
